[2026-03-05T08:45:51.111+0000] {local_task_job_runner.py:120} INFO - ::group::Pre task execution logs
[2026-03-05T08:45:51.120+0000] {taskinstance.py:2076} INFO - Dependencies all met for dep_context=non-requeueable deps ti=<TaskInstance: sftp_to_sftp_sync.sync_sftp_directories scheduled__2026-03-04T00:00:00+00:00 [queued]>
[2026-03-05T08:45:51.123+0000] {taskinstance.py:2076} INFO - Dependencies all met for dep_context=requeueable deps ti=<TaskInstance: sftp_to_sftp_sync.sync_sftp_directories scheduled__2026-03-04T00:00:00+00:00 [queued]>
[2026-03-05T08:45:51.123+0000] {taskinstance.py:2306} INFO - Starting attempt 2 of 3
[2026-03-05T08:45:51.129+0000] {taskinstance.py:2330} INFO - Executing <Task(ExtensibleTransferOperator): sync_sftp_directories> on 2026-03-04 00:00:00+00:00
[2026-03-05T08:45:51.131+0000] {warnings.py:112} WARNING - /home/***/.local/lib/python3.12/site-packages/***/task/task_runner/standard_task_runner.py:61: DeprecationWarning: This process (pid=217) is multi-threaded, use of fork() may lead to deadlocks in the child.
  pid = os.fork()

[2026-03-05T08:45:51.131+0000] {standard_task_runner.py:63} INFO - Started process 218 to run task
[2026-03-05T08:45:51.132+0000] {standard_task_runner.py:90} INFO - Running: ['***', 'tasks', 'run', 'sftp_to_sftp_sync', 'sync_sftp_directories', 'scheduled__2026-03-04T00:00:00+00:00', '--job-id', '4', '--raw', '--subdir', 'DAGS_FOLDER/sftp_sync_dag.py', '--cfg-path', '/tmp/tmpilxprgnm']
[2026-03-05T08:45:51.132+0000] {standard_task_runner.py:91} INFO - Job 4: Subtask sync_sftp_directories
[2026-03-05T08:45:51.156+0000] {task_command.py:426} INFO - Running <TaskInstance: sftp_to_sftp_sync.sync_sftp_directories scheduled__2026-03-04T00:00:00+00:00 [running]> on host 3ded8d150c22
[2026-03-05T08:45:51.184+0000] {taskinstance.py:2648} INFO - Exporting env vars: AIRFLOW_CTX_DAG_OWNER='***' AIRFLOW_CTX_DAG_ID='sftp_to_sftp_sync' AIRFLOW_CTX_TASK_ID='sync_sftp_directories' AIRFLOW_CTX_EXECUTION_DATE='2026-03-04T00:00:00+00:00' AIRFLOW_CTX_TRY_NUMBER='2' AIRFLOW_CTX_DAG_RUN_ID='scheduled__2026-03-04T00:00:00+00:00'
[2026-03-05T08:45:51.185+0000] {taskinstance.py:430} INFO - ::endgroup::
[2026-03-05T08:45:51.189+0000] {extensible_transfer.py:68} INFO - Starting transfer from sftp_source_conn to sftp_target_conn
[2026-03-05T08:45:51.193+0000] {taskinstance.py:441} INFO - ::group::Post task execution logs
[2026-03-05T08:45:51.196+0000] {taskinstance.py:2905} ERROR - Task failed with exception
Traceback (most recent call last):
  File "/home/airflow/.local/lib/python3.12/site-packages/airflow/models/taskinstance.py", line 465, in _execute_task
    result = _execute_callable(context=context, **execute_callable_kwargs)
             ^^^^^^^^^^^^^^^^^^^^^^^^^^^^^^^^^^^^^^^^^^^^^^^^^^^^^^^^^^^^^
  File "/home/airflow/.local/lib/python3.12/site-packages/airflow/models/taskinstance.py", line 432, in _execute_callable
    return execute_callable(context=context, **execute_callable_kwargs)
           ^^^^^^^^^^^^^^^^^^^^^^^^^^^^^^^^^^^^^^^^^^^^^^^^^^^^^^^^^^^^
  File "/home/airflow/.local/lib/python3.12/site-packages/airflow/models/baseoperator.py", line 401, in wrapper
    return func(self, *args, **kwargs)
           ^^^^^^^^^^^^^^^^^^^^^^^^^^^
  File "/opt/airflow/src/operators/extensible_transfer.py", line 73, in execute
    StorageFactory.get_reader(self.source_conn_id) as reader,
    ^^^^^^^^^^^^^^^^^^^^^^^^^^^^^^^^^^^^^^^^^^^^^^
  File "/opt/airflow/src/operators/extensible_transfer.py", line 21, in get_reader
    conn = BaseHook.get_connection(conn_id)
           ^^^^^^^^^^^^^^^^^^^^^^^^^^^^^^^^
  File "/home/airflow/.local/lib/python3.12/site-packages/airflow/hooks/base.py", line 83, in get_connection
    conn = Connection.get_connection_from_secrets(conn_id)
           ^^^^^^^^^^^^^^^^^^^^^^^^^^^^^^^^^^^^^^^^^^^^^^^
  File "/home/airflow/.local/lib/python3.12/site-packages/airflow/models/connection.py", line 519, in get_connection_from_secrets
    raise AirflowNotFoundException(f"The conn_id `{conn_id}` isn't defined")
airflow.exceptions.AirflowNotFoundException: The conn_id `sftp_source_conn` isn't defined
[2026-03-05T08:45:51.198+0000] {taskinstance.py:1206} INFO - Marking task as UP_FOR_RETRY. dag_id=sftp_to_sftp_sync, task_id=sync_sftp_directories, run_id=scheduled__2026-03-04T00:00:00+00:00, execution_date=20260304T000000, start_date=20260305T084551, end_date=20260305T084551
[2026-03-05T08:45:51.202+0000] {standard_task_runner.py:110} ERROR - Failed to execute job 4 for task sync_sftp_directories (The conn_id `sftp_source_conn` isn't defined; 218)
[2026-03-05T08:45:51.233+0000] {local_task_job_runner.py:240} INFO - Task exited with return code 1
[2026-03-05T08:45:51.241+0000] {taskinstance.py:3503} INFO - 0 downstream tasks scheduled from follow-on schedule check
[2026-03-05T08:45:51.242+0000] {local_task_job_runner.py:222} INFO - ::endgroup::
