{"timestamp":"2026-03-05T10:50:23.259667Z","level":"info","event":"DAG bundles loaded: dags-folder, example_dags","logger":"airflow.dag_processing.bundles.manager.DagBundlesManager","filename":"manager.py","lineno":179}
{"timestamp":"2026-03-05T10:50:23.259921Z","level":"info","event":"Filling up the DagBag from /opt/airflow/dags/sftp_sync_dag.py","logger":"airflow.models.dagbag.BundleDagBag","filename":"dagbag.py","lineno":593}
{"timestamp":"2026-03-05T10:50:23.278617Z","level":"info","event":"Task instance is in running state","logger":"task.stdout"}
{"timestamp":"2026-03-05T10:50:23.278754Z","level":"info","event":" Previous state of the Task instance: TaskInstanceState.QUEUED","logger":"task.stdout"}
{"timestamp":"2026-03-05T10:50:23.278805Z","level":"info","event":"Current task name:sync_sftp_directories","logger":"task.stdout"}
{"timestamp":"2026-03-05T10:50:23.278853Z","level":"info","event":"Dag name:sftp_to_sftp_sync","logger":"task.stdout"}
{"timestamp":"2026-03-05T10:50:23.277914Z","level":"info","event":"Starting transfer from sftp_source_conn to sftp_target_conn","logger":"src.operators.extensible_transfer","filename":"extensible_transfer.py","lineno":68}
{"timestamp":"2026-03-05T10:50:23.282821Z","level":"info","event":"Connecting to SFTP server sftp-source:22 as sourceuser","logger":"src.storage.sftp","filename":"sftp.py","lineno":35}
{"timestamp":"2026-03-05T10:50:23.315266Z","level":"info","event":"Connected (version 2.0, client OpenSSH_8.4p1)","logger":"paramiko.transport","filename":"transport.py","lineno":1944}
{"timestamp":"2026-03-05T10:50:23.405948Z","level":"info","event":"Authentication (password) successful!","logger":"paramiko.transport","filename":"transport.py","lineno":1944}
{"timestamp":"2026-03-05T10:50:23.746616Z","level":"info","event":"[chan 0] Opened sftp connection (server version 3)","logger":"paramiko.transport.sftp","filename":"sftp.py","lineno":169}
{"timestamp":"2026-03-05T10:50:23.746693Z","level":"info","event":"Successfully connected to sftp-source","logger":"src.storage.sftp","filename":"sftp.py","lineno":47}
{"timestamp":"2026-03-05T10:50:23.750985Z","level":"info","event":"Connecting to SFTP server sftp-target:22 as targetuser","logger":"src.storage.sftp","filename":"sftp.py","lineno":35}
{"timestamp":"2026-03-05T10:50:23.786524Z","level":"info","event":"Connected (version 2.0, client OpenSSH_8.4p1)","logger":"paramiko.transport","filename":"transport.py","lineno":1944}
{"timestamp":"2026-03-05T10:50:23.866241Z","level":"info","event":"Authentication (password) successful!","logger":"paramiko.transport","filename":"transport.py","lineno":1944}
{"timestamp":"2026-03-05T10:50:24.204356Z","level":"info","event":"[chan 0] Opened sftp connection (server version 3)","logger":"paramiko.transport.sftp","filename":"sftp.py","lineno":169}
{"timestamp":"2026-03-05T10:50:24.204443Z","level":"info","event":"Successfully connected to sftp-target","logger":"src.storage.sftp","filename":"sftp.py","lineno":47}
{"timestamp":"2026-03-05T10:50:24.204476Z","level":"info","event":"Listing files in source prefix: /upload","logger":"src.operators.extensible_transfer","filename":"extensible_transfer.py","lineno":77}
{"timestamp":"2026-03-05T10:50:24.209486Z","level":"info","event":"Found 1 files in source.","logger":"src.operators.extensible_transfer","filename":"extensible_transfer.py","lineno":79}
{"timestamp":"2026-03-05T10:50:24.210034Z","level":"info","event":"Transferring upload/test_01.txt -> upload/test_01.txt","logger":"src.operators.extensible_transfer","filename":"extensible_transfer.py","lineno":119}
{"timestamp":"2026-03-05T10:50:24.211365Z","level":"info","event":"Writing stream to /upload/test_01.txt","logger":"src.storage.sftp","filename":"sftp.py","lineno":136}
{"timestamp":"2026-03-05T10:50:24.214449Z","level":"info","event":"Finished writing to /upload/test_01.txt","logger":"src.storage.sftp","filename":"sftp.py","lineno":144}
{"timestamp":"2026-03-05T10:50:24.214787Z","level":"info","event":"Successfully transferred. Deleting source file: upload/test_01.txt","logger":"src.operators.extensible_transfer","filename":"extensible_transfer.py","lineno":130}
{"timestamp":"2026-03-05T10:50:24.214822Z","level":"info","event":"Deleting file /upload/test_01.txt from source","logger":"src.storage.sftp","filename":"sftp.py","lineno":105}
{"timestamp":"2026-03-05T10:50:24.215634Z","level":"info","event":"Transfer complete. Synced and deleted: 1, Skipped: 0","logger":"src.operators.extensible_transfer","filename":"extensible_transfer.py","lineno":138}
{"timestamp":"2026-03-05T10:50:24.215705Z","level":"info","event":"[chan 0] sftp session closed.","logger":"paramiko.transport.sftp","filename":"sftp.py","lineno":169}
{"timestamp":"2026-03-05T10:50:24.215836Z","level":"info","event":"Disconnected from sftp-target","logger":"src.storage.sftp","filename":"sftp.py","lineno":57}
{"timestamp":"2026-03-05T10:50:24.215867Z","level":"info","event":"[chan 0] sftp session closed.","logger":"paramiko.transport.sftp","filename":"sftp.py","lineno":169}
{"timestamp":"2026-03-05T10:50:24.215944Z","level":"info","event":"Disconnected from sftp-source","logger":"src.storage.sftp","filename":"sftp.py","lineno":57}
{"timestamp":"2026-03-05T10:50:24.223148Z","level":"info","event":"Task instance in success state","logger":"task.stdout"}
{"timestamp":"2026-03-05T10:50:24.223265Z","level":"info","event":" Previous state of the Task instance: TaskInstanceState.RUNNING","logger":"task.stdout"}
{"timestamp":"2026-03-05T10:50:24.223361Z","level":"info","event":"Task operator:<Task(ExtensibleTransferOperator): sync_sftp_directories>","logger":"task.stdout"}
