[2026-03-05T08:20:11.107+0000] {manager.py:470} INFO - Processing files using up to 2 processes at a time 
[2026-03-05T08:20:11.107+0000] {manager.py:471} INFO - Process each file at most once every 30 seconds
[2026-03-05T08:20:11.107+0000] {manager.py:472} INFO - Checking for new files in /opt/airflow/dags every 300 seconds
[2026-03-05T08:20:11.107+0000] {manager.py:737} INFO - Searching for files in /opt/airflow/dags
[2026-03-05T08:20:11.109+0000] {manager.py:740} INFO - There are 1 files in /opt/airflow/dags
[2026-03-05T08:20:11.142+0000] {manager.py:878} INFO - 
================================================================================
DAG File Processing Stats

File Path                             PID  Runtime      # DAGs    # Errors  Last Runtime    Last Run
----------------------------------  -----  ---------  --------  ----------  --------------  ----------
/opt/airflow/dags/sftp_sync_dag.py     56  0.02s             0           0
================================================================================
[2026-03-05T08:20:41.341+0000] {manager.py:878} INFO - 
================================================================================
DAG File Processing Stats

File Path                             PID  Runtime      # DAGs    # Errors  Last Runtime    Last Run
----------------------------------  -----  ---------  --------  ----------  --------------  -------------------
/opt/airflow/dags/sftp_sync_dag.py     87  0.01s             0           1  0.03s           2026-03-05T08:20:11
================================================================================
[2026-03-05T08:21:11.543+0000] {manager.py:878} INFO - 
================================================================================
DAG File Processing Stats

File Path                             PID  Runtime      # DAGs    # Errors  Last Runtime    Last Run
----------------------------------  -----  ---------  --------  ----------  --------------  -------------------
/opt/airflow/dags/sftp_sync_dag.py     94  0.00s             0           1  0.05s           2026-03-05T08:20:41
================================================================================
[2026-03-05T08:21:30.170+0000] {manager.py:452} INFO - Exiting gracefully upon receiving signal 15
[2026-03-05T08:21:50.169+0000] {manager.py:470} INFO - Processing files using up to 2 processes at a time 
[2026-03-05T08:21:50.169+0000] {manager.py:471} INFO - Process each file at most once every 30 seconds
[2026-03-05T08:21:50.170+0000] {manager.py:472} INFO - Checking for new files in /opt/airflow/dags every 300 seconds
[2026-03-05T08:21:50.171+0000] {manager.py:737} INFO - Searching for files in /opt/airflow/dags
[2026-03-05T08:21:50.172+0000] {manager.py:740} INFO - There are 1 files in /opt/airflow/dags
[2026-03-05T08:21:50.214+0000] {manager.py:878} INFO - 
================================================================================
DAG File Processing Stats

File Path                             PID  Runtime      # DAGs    # Errors  Last Runtime    Last Run
----------------------------------  -----  ---------  --------  ----------  --------------  ----------
/opt/airflow/dags/sftp_sync_dag.py     62  0.03s             0           0
================================================================================
[2026-03-05T08:22:20.423+0000] {manager.py:878} INFO - 
================================================================================
DAG File Processing Stats

File Path                             PID  Runtime      # DAGs    # Errors  Last Runtime    Last Run
----------------------------------  -----  ---------  --------  ----------  --------------  -------------------
/opt/airflow/dags/sftp_sync_dag.py     93  0.01s             1           0  0.16s           2026-03-05T08:21:50
================================================================================
[2026-03-05T08:22:50.826+0000] {manager.py:878} INFO - 
================================================================================
DAG File Processing Stats

File Path                             PID  Runtime      # DAGs    # Errors  Last Runtime    Last Run
----------------------------------  -----  ---------  --------  ----------  --------------  -------------------
/opt/airflow/dags/sftp_sync_dag.py    100  0.01s             1           0  0.18s           2026-03-05T08:22:20
================================================================================
[2026-03-05T08:23:21.119+0000] {manager.py:878} INFO - 
================================================================================
DAG File Processing Stats

File Path                             PID  Runtime      # DAGs    # Errors  Last Runtime    Last Run
----------------------------------  -----  ---------  --------  ----------  --------------  -------------------
/opt/airflow/dags/sftp_sync_dag.py    107  0.01s             1           0  0.09s           2026-03-05T08:22:50
================================================================================
[2026-03-05T08:23:51.420+0000] {manager.py:878} INFO - 
================================================================================
DAG File Processing Stats

File Path                             PID  Runtime      # DAGs    # Errors  Last Runtime    Last Run
----------------------------------  -----  ---------  --------  ----------  --------------  -------------------
/opt/airflow/dags/sftp_sync_dag.py    114  0.00s             1           0  0.07s           2026-03-05T08:23:21
================================================================================
[2026-03-05T08:35:09.186+0000] {manager.py:737} INFO - Searching for files in /opt/airflow/dags
[2026-03-05T08:35:09.196+0000] {manager.py:740} INFO - There are 1 files in /opt/airflow/dags
[2026-03-05T08:35:26.357+0000] {manager.py:878} INFO - 
================================================================================
DAG File Processing Stats

File Path                           PID    Runtime      # DAGs    # Errors  Last Runtime    Last Run
----------------------------------  -----  ---------  --------  ----------  --------------  -------------------
/opt/airflow/dags/sftp_sync_dag.py                           1           0  0.10s           2026-03-05T08:35:09
================================================================================
[2026-03-05T08:35:56.647+0000] {manager.py:878} INFO - 
================================================================================
DAG File Processing Stats

File Path                           PID    Runtime      # DAGs    # Errors  Last Runtime    Last Run
----------------------------------  -----  ---------  --------  ----------  --------------  -------------------
/opt/airflow/dags/sftp_sync_dag.py                           1           0  0.08s           2026-03-05T08:35:39
================================================================================
[2026-03-05T08:36:26.883+0000] {manager.py:878} INFO - 
================================================================================
DAG File Processing Stats

File Path                           PID    Runtime      # DAGs    # Errors  Last Runtime    Last Run
----------------------------------  -----  ---------  --------  ----------  --------------  -------------------
/opt/airflow/dags/sftp_sync_dag.py                           1           0  0.08s           2026-03-05T08:36:09
================================================================================
[2026-03-05T08:36:57.156+0000] {manager.py:878} INFO - 
================================================================================
DAG File Processing Stats

File Path                           PID    Runtime      # DAGs    # Errors  Last Runtime    Last Run
----------------------------------  -----  ---------  --------  ----------  --------------  -------------------
/opt/airflow/dags/sftp_sync_dag.py                           1           0  0.07s           2026-03-05T08:36:40
================================================================================
[2026-03-05T08:37:27.433+0000] {manager.py:878} INFO - 
================================================================================
DAG File Processing Stats

File Path                           PID    Runtime      # DAGs    # Errors  Last Runtime    Last Run
----------------------------------  -----  ---------  --------  ----------  --------------  -------------------
/opt/airflow/dags/sftp_sync_dag.py                           1           0  0.07s           2026-03-05T08:37:10
================================================================================
[2026-03-05T08:37:57.714+0000] {manager.py:878} INFO - 
================================================================================
DAG File Processing Stats

File Path                           PID    Runtime      # DAGs    # Errors  Last Runtime    Last Run
----------------------------------  -----  ---------  --------  ----------  --------------  -------------------
/opt/airflow/dags/sftp_sync_dag.py                           1           0  0.07s           2026-03-05T08:37:40
================================================================================
[2026-03-05T08:38:27.966+0000] {manager.py:878} INFO - 
================================================================================
DAG File Processing Stats

File Path                           PID    Runtime      # DAGs    # Errors  Last Runtime    Last Run
----------------------------------  -----  ---------  --------  ----------  --------------  -------------------
/opt/airflow/dags/sftp_sync_dag.py                           1           0  0.09s           2026-03-05T08:38:10
================================================================================
[2026-03-05T08:38:58.258+0000] {manager.py:878} INFO - 
================================================================================
DAG File Processing Stats

File Path                           PID    Runtime      # DAGs    # Errors  Last Runtime    Last Run
----------------------------------  -----  ---------  --------  ----------  --------------  -------------------
/opt/airflow/dags/sftp_sync_dag.py                           1           0  0.08s           2026-03-05T08:38:41
================================================================================
[2026-03-05T08:39:28.499+0000] {manager.py:878} INFO - 
================================================================================
DAG File Processing Stats

File Path                           PID    Runtime      # DAGs    # Errors  Last Runtime    Last Run
----------------------------------  -----  ---------  --------  ----------  --------------  -------------------
/opt/airflow/dags/sftp_sync_dag.py                           1           0  0.09s           2026-03-05T08:39:11
================================================================================
[2026-03-05T08:39:58.749+0000] {manager.py:878} INFO - 
================================================================================
DAG File Processing Stats

File Path                           PID    Runtime      # DAGs    # Errors  Last Runtime    Last Run
----------------------------------  -----  ---------  --------  ----------  --------------  -------------------
/opt/airflow/dags/sftp_sync_dag.py                           1           0  0.06s           2026-03-05T08:39:41
================================================================================
[2026-03-05T08:42:50.408+0000] {manager.py:737} INFO - Searching for files in /opt/airflow/dags
[2026-03-05T08:42:50.415+0000] {manager.py:740} INFO - There are 1 files in /opt/airflow/dags
[2026-03-05T08:43:09.559+0000] {manager.py:878} INFO - 
================================================================================
DAG File Processing Stats

File Path                           PID    Runtime      # DAGs    # Errors  Last Runtime    Last Run
----------------------------------  -----  ---------  --------  ----------  --------------  -------------------
/opt/airflow/dags/sftp_sync_dag.py                           1           0  0.11s           2026-03-05T08:42:50
================================================================================
[2026-03-05T08:43:39.813+0000] {manager.py:878} INFO - 
================================================================================
DAG File Processing Stats

File Path                           PID    Runtime      # DAGs    # Errors  Last Runtime    Last Run
----------------------------------  -----  ---------  --------  ----------  --------------  -------------------
/opt/airflow/dags/sftp_sync_dag.py                           1           0  0.08s           2026-03-05T08:43:20
================================================================================
[2026-03-05T08:44:10.041+0000] {manager.py:878} INFO - 
================================================================================
DAG File Processing Stats

File Path                           PID    Runtime      # DAGs    # Errors  Last Runtime    Last Run
----------------------------------  -----  ---------  --------  ----------  --------------  -------------------
/opt/airflow/dags/sftp_sync_dag.py                           1           0  0.07s           2026-03-05T08:43:50
================================================================================
[2026-03-05T08:44:40.263+0000] {manager.py:878} INFO - 
================================================================================
DAG File Processing Stats

File Path                           PID    Runtime      # DAGs    # Errors  Last Runtime    Last Run
----------------------------------  -----  ---------  --------  ----------  --------------  -------------------
/opt/airflow/dags/sftp_sync_dag.py                           1           0  0.10s           2026-03-05T08:44:21
================================================================================
[2026-03-05T08:45:10.541+0000] {manager.py:878} INFO - 
================================================================================
DAG File Processing Stats

File Path                           PID    Runtime      # DAGs    # Errors  Last Runtime    Last Run
----------------------------------  -----  ---------  --------  ----------  --------------  -------------------
/opt/airflow/dags/sftp_sync_dag.py                           1           0  0.08s           2026-03-05T08:44:51
================================================================================
[2026-03-05T08:45:40.812+0000] {manager.py:878} INFO - 
================================================================================
DAG File Processing Stats

File Path                           PID    Runtime      # DAGs    # Errors  Last Runtime    Last Run
----------------------------------  -----  ---------  --------  ----------  --------------  -------------------
/opt/airflow/dags/sftp_sync_dag.py                           1           0  0.07s           2026-03-05T08:45:21
================================================================================
[2026-03-05T08:46:11.047+0000] {manager.py:878} INFO - 
================================================================================
DAG File Processing Stats

File Path                           PID    Runtime      # DAGs    # Errors  Last Runtime    Last Run
----------------------------------  -----  ---------  --------  ----------  --------------  -------------------
/opt/airflow/dags/sftp_sync_dag.py                           1           0  0.08s           2026-03-05T08:45:51
================================================================================
[2026-03-05T08:46:41.285+0000] {manager.py:878} INFO - 
================================================================================
DAG File Processing Stats

File Path                           PID    Runtime      # DAGs    # Errors  Last Runtime    Last Run
----------------------------------  -----  ---------  --------  ----------  --------------  -------------------
/opt/airflow/dags/sftp_sync_dag.py                           1           0  0.10s           2026-03-05T08:46:22
================================================================================
[2026-03-05T08:47:11.539+0000] {manager.py:878} INFO - 
================================================================================
DAG File Processing Stats

File Path                           PID    Runtime      # DAGs    # Errors  Last Runtime    Last Run
----------------------------------  -----  ---------  --------  ----------  --------------  -------------------
/opt/airflow/dags/sftp_sync_dag.py                           1           0  0.08s           2026-03-05T08:46:52
================================================================================
[2026-03-05T08:47:41.784+0000] {manager.py:878} INFO - 
================================================================================
DAG File Processing Stats

File Path                           PID    Runtime      # DAGs    # Errors  Last Runtime    Last Run
----------------------------------  -----  ---------  --------  ----------  --------------  -------------------
/opt/airflow/dags/sftp_sync_dag.py                           1           0  0.09s           2026-03-05T08:47:22
================================================================================
[2026-03-05T08:47:50.869+0000] {manager.py:737} INFO - Searching for files in /opt/airflow/dags
[2026-03-05T08:47:50.871+0000] {manager.py:740} INFO - There are 1 files in /opt/airflow/dags
[2026-03-05T08:48:12.069+0000] {manager.py:878} INFO - 
================================================================================
DAG File Processing Stats

File Path                           PID    Runtime      # DAGs    # Errors  Last Runtime    Last Run
----------------------------------  -----  ---------  --------  ----------  --------------  -------------------
/opt/airflow/dags/sftp_sync_dag.py                           1           0  0.07s           2026-03-05T08:47:52
================================================================================
[2026-03-05T08:48:42.317+0000] {manager.py:878} INFO - 
================================================================================
DAG File Processing Stats

File Path                           PID    Runtime      # DAGs    # Errors  Last Runtime    Last Run
----------------------------------  -----  ---------  --------  ----------  --------------  -------------------
/opt/airflow/dags/sftp_sync_dag.py                           1           0  0.08s           2026-03-05T08:48:23
================================================================================
[2026-03-05T08:49:12.587+0000] {manager.py:878} INFO - 
================================================================================
DAG File Processing Stats

File Path                           PID    Runtime      # DAGs    # Errors  Last Runtime    Last Run
----------------------------------  -----  ---------  --------  ----------  --------------  -------------------
/opt/airflow/dags/sftp_sync_dag.py                           1           0  0.08s           2026-03-05T08:48:53
================================================================================
[2026-03-05T08:49:42.834+0000] {manager.py:878} INFO - 
================================================================================
DAG File Processing Stats

File Path                           PID    Runtime      # DAGs    # Errors  Last Runtime    Last Run
----------------------------------  -----  ---------  --------  ----------  --------------  -------------------
/opt/airflow/dags/sftp_sync_dag.py                           1           0  0.09s           2026-03-05T08:49:23
================================================================================
[2026-03-05T08:50:13.090+0000] {manager.py:878} INFO - 
================================================================================
DAG File Processing Stats

File Path                           PID    Runtime      # DAGs    # Errors  Last Runtime    Last Run
----------------------------------  -----  ---------  --------  ----------  --------------  -------------------
/opt/airflow/dags/sftp_sync_dag.py                           1           0  0.08s           2026-03-05T08:49:53
================================================================================
[2026-03-05T08:50:43.328+0000] {manager.py:878} INFO - 
================================================================================
DAG File Processing Stats

File Path                           PID    Runtime      # DAGs    # Errors  Last Runtime    Last Run
----------------------------------  -----  ---------  --------  ----------  --------------  -------------------
/opt/airflow/dags/sftp_sync_dag.py                           1           0  0.09s           2026-03-05T08:50:24
================================================================================
[2026-03-05T08:51:13.605+0000] {manager.py:878} INFO - 
================================================================================
DAG File Processing Stats

File Path                           PID    Runtime      # DAGs    # Errors  Last Runtime    Last Run
----------------------------------  -----  ---------  --------  ----------  --------------  -------------------
/opt/airflow/dags/sftp_sync_dag.py                           1           0  0.11s           2026-03-05T08:50:54
================================================================================
[2026-03-05T08:51:43.830+0000] {manager.py:878} INFO - 
================================================================================
DAG File Processing Stats

File Path                           PID    Runtime      # DAGs    # Errors  Last Runtime    Last Run
----------------------------------  -----  ---------  --------  ----------  --------------  -------------------
/opt/airflow/dags/sftp_sync_dag.py                           1           0  0.07s           2026-03-05T08:51:24
================================================================================
[2026-03-05T08:52:14.151+0000] {manager.py:878} INFO - 
================================================================================
DAG File Processing Stats

File Path                           PID    Runtime      # DAGs    # Errors  Last Runtime    Last Run
----------------------------------  -----  ---------  --------  ----------  --------------  -------------------
/opt/airflow/dags/sftp_sync_dag.py                           1           0  0.08s           2026-03-05T08:51:55
================================================================================
[2026-03-05T09:01:10.125+0000] {manager.py:737} INFO - Searching for files in /opt/airflow/dags
[2026-03-05T09:01:10.131+0000] {manager.py:740} INFO - There are 1 files in /opt/airflow/dags
[2026-03-05T09:01:34.350+0000] {manager.py:878} INFO - 
================================================================================
DAG File Processing Stats

File Path                           PID    Runtime      # DAGs    # Errors  Last Runtime    Last Run
----------------------------------  -----  ---------  --------  ----------  --------------  -------------------
/opt/airflow/dags/sftp_sync_dag.py                           1           0  0.11s           2026-03-05T09:01:10
================================================================================
[2026-03-05T09:02:04.617+0000] {manager.py:878} INFO - 
================================================================================
DAG File Processing Stats

File Path                           PID    Runtime      # DAGs    # Errors  Last Runtime    Last Run
----------------------------------  -----  ---------  --------  ----------  --------------  -------------------
/opt/airflow/dags/sftp_sync_dag.py                           1           0  0.08s           2026-03-05T09:01:40
================================================================================
[2026-03-05T09:02:34.865+0000] {manager.py:878} INFO - 
================================================================================
DAG File Processing Stats

File Path                           PID    Runtime      # DAGs    # Errors  Last Runtime    Last Run
----------------------------------  -----  ---------  --------  ----------  --------------  -------------------
/opt/airflow/dags/sftp_sync_dag.py                           1           0  0.07s           2026-03-05T09:02:10
================================================================================
[2026-03-05T09:03:05.122+0000] {manager.py:878} INFO - 
================================================================================
DAG File Processing Stats

File Path                           PID    Runtime      # DAGs    # Errors  Last Runtime    Last Run
----------------------------------  -----  ---------  --------  ----------  --------------  -------------------
/opt/airflow/dags/sftp_sync_dag.py                           1           0  0.07s           2026-03-05T09:02:40
================================================================================
[2026-03-05T09:03:35.377+0000] {manager.py:878} INFO - 
================================================================================
DAG File Processing Stats

File Path                           PID    Runtime      # DAGs    # Errors  Last Runtime    Last Run
----------------------------------  -----  ---------  --------  ----------  --------------  -------------------
/opt/airflow/dags/sftp_sync_dag.py                           1           0  0.10s           2026-03-05T09:03:11
================================================================================
[2026-03-05T09:04:05.638+0000] {manager.py:878} INFO - 
================================================================================
DAG File Processing Stats

File Path                           PID    Runtime      # DAGs    # Errors  Last Runtime    Last Run
----------------------------------  -----  ---------  --------  ----------  --------------  -------------------
/opt/airflow/dags/sftp_sync_dag.py                           1           0  0.07s           2026-03-05T09:03:41
================================================================================
[2026-03-05T09:04:35.892+0000] {manager.py:878} INFO - 
================================================================================
DAG File Processing Stats

File Path                           PID    Runtime      # DAGs    # Errors  Last Runtime    Last Run
----------------------------------  -----  ---------  --------  ----------  --------------  -------------------
/opt/airflow/dags/sftp_sync_dag.py                           1           0  0.08s           2026-03-05T09:04:11
================================================================================
[2026-03-05T09:05:06.168+0000] {manager.py:878} INFO - 
================================================================================
DAG File Processing Stats

File Path                           PID    Runtime      # DAGs    # Errors  Last Runtime    Last Run
----------------------------------  -----  ---------  --------  ----------  --------------  -------------------
/opt/airflow/dags/sftp_sync_dag.py                           1           0  0.06s           2026-03-05T09:04:41
================================================================================
[2026-03-05T09:05:36.425+0000] {manager.py:878} INFO - 
================================================================================
DAG File Processing Stats

File Path                           PID    Runtime      # DAGs    # Errors  Last Runtime    Last Run
----------------------------------  -----  ---------  --------  ----------  --------------  -------------------
/opt/airflow/dags/sftp_sync_dag.py                           1           0  0.07s           2026-03-05T09:05:12
================================================================================
[2026-03-05T09:06:06.691+0000] {manager.py:878} INFO - 
================================================================================
DAG File Processing Stats

File Path                           PID    Runtime      # DAGs    # Errors  Last Runtime    Last Run
----------------------------------  -----  ---------  --------  ----------  --------------  -------------------
/opt/airflow/dags/sftp_sync_dag.py                           1           0  0.08s           2026-03-05T09:05:42
================================================================================
[2026-03-05T09:06:10.728+0000] {manager.py:737} INFO - Searching for files in /opt/airflow/dags
[2026-03-05T09:06:10.734+0000] {manager.py:740} INFO - There are 1 files in /opt/airflow/dags
[2026-03-05T09:06:36.969+0000] {manager.py:878} INFO - 
================================================================================
DAG File Processing Stats

File Path                           PID    Runtime      # DAGs    # Errors  Last Runtime    Last Run
----------------------------------  -----  ---------  --------  ----------  --------------  -------------------
/opt/airflow/dags/sftp_sync_dag.py                           1           0  0.07s           2026-03-05T09:06:12
================================================================================
[2026-03-05T09:07:07.216+0000] {manager.py:878} INFO - 
================================================================================
DAG File Processing Stats

File Path                           PID    Runtime      # DAGs    # Errors  Last Runtime    Last Run
----------------------------------  -----  ---------  --------  ----------  --------------  -------------------
/opt/airflow/dags/sftp_sync_dag.py                           1           0  0.07s           2026-03-05T09:06:43
================================================================================
[2026-03-05T09:07:37.439+0000] {manager.py:878} INFO - 
================================================================================
DAG File Processing Stats

File Path                           PID    Runtime      # DAGs    # Errors  Last Runtime    Last Run
----------------------------------  -----  ---------  --------  ----------  --------------  -------------------
/opt/airflow/dags/sftp_sync_dag.py                           1           0  0.08s           2026-03-05T09:07:13
================================================================================
[2026-03-05T09:08:07.697+0000] {manager.py:878} INFO - 
================================================================================
DAG File Processing Stats

File Path                           PID    Runtime      # DAGs    # Errors  Last Runtime    Last Run
----------------------------------  -----  ---------  --------  ----------  --------------  -------------------
/opt/airflow/dags/sftp_sync_dag.py                           1           0  0.08s           2026-03-05T09:07:43
================================================================================
[2026-03-05T09:08:37.920+0000] {manager.py:878} INFO - 
================================================================================
DAG File Processing Stats

File Path                           PID    Runtime      # DAGs    # Errors  Last Runtime    Last Run
----------------------------------  -----  ---------  --------  ----------  --------------  -------------------
/opt/airflow/dags/sftp_sync_dag.py                           1           0  0.06s           2026-03-05T09:08:13
================================================================================
[2026-03-05T09:09:08.148+0000] {manager.py:878} INFO - 
================================================================================
DAG File Processing Stats

File Path                           PID    Runtime      # DAGs    # Errors  Last Runtime    Last Run
----------------------------------  -----  ---------  --------  ----------  --------------  -------------------
/opt/airflow/dags/sftp_sync_dag.py                           1           0  0.08s           2026-03-05T09:08:44
================================================================================
[2026-03-05T09:09:38.389+0000] {manager.py:878} INFO - 
================================================================================
DAG File Processing Stats

File Path                           PID    Runtime      # DAGs    # Errors  Last Runtime    Last Run
----------------------------------  -----  ---------  --------  ----------  --------------  -------------------
/opt/airflow/dags/sftp_sync_dag.py                           1           0  0.09s           2026-03-05T09:09:14
================================================================================
[2026-03-05T09:10:08.598+0000] {manager.py:878} INFO - 
================================================================================
DAG File Processing Stats

File Path                           PID    Runtime      # DAGs    # Errors  Last Runtime    Last Run
----------------------------------  -----  ---------  --------  ----------  --------------  -------------------
/opt/airflow/dags/sftp_sync_dag.py                           1           0  0.07s           2026-03-05T09:09:44
================================================================================
[2026-03-05T09:10:38.829+0000] {manager.py:878} INFO - 
================================================================================
DAG File Processing Stats

File Path                           PID    Runtime      # DAGs    # Errors  Last Runtime    Last Run
----------------------------------  -----  ---------  --------  ----------  --------------  -------------------
/opt/airflow/dags/sftp_sync_dag.py                           1           0  0.07s           2026-03-05T09:10:14
================================================================================
[2026-03-05T09:11:09.083+0000] {manager.py:878} INFO - 
================================================================================
DAG File Processing Stats

File Path                           PID    Runtime      # DAGs    # Errors  Last Runtime    Last Run
----------------------------------  -----  ---------  --------  ----------  --------------  -------------------
/opt/airflow/dags/sftp_sync_dag.py                           1           0  0.08s           2026-03-05T09:10:44
================================================================================
[2026-03-05T09:11:11.099+0000] {manager.py:737} INFO - Searching for files in /opt/airflow/dags
[2026-03-05T09:11:11.105+0000] {manager.py:740} INFO - There are 1 files in /opt/airflow/dags
[2026-03-05T09:11:39.313+0000] {manager.py:878} INFO - 
================================================================================
DAG File Processing Stats

File Path                           PID    Runtime      # DAGs    # Errors  Last Runtime    Last Run
----------------------------------  -----  ---------  --------  ----------  --------------  -------------------
/opt/airflow/dags/sftp_sync_dag.py                           1           0  0.07s           2026-03-05T09:11:15
================================================================================
[2026-03-05T09:12:09.565+0000] {manager.py:878} INFO - 
================================================================================
DAG File Processing Stats

File Path                           PID    Runtime      # DAGs    # Errors  Last Runtime    Last Run
----------------------------------  -----  ---------  --------  ----------  --------------  -------------------
/opt/airflow/dags/sftp_sync_dag.py                           1           0  0.08s           2026-03-05T09:11:45
================================================================================
[2026-03-05T09:12:39.844+0000] {manager.py:878} INFO - 
================================================================================
DAG File Processing Stats

File Path                           PID    Runtime      # DAGs    # Errors  Last Runtime    Last Run
----------------------------------  -----  ---------  --------  ----------  --------------  -------------------
/opt/airflow/dags/sftp_sync_dag.py                           1           0  0.13s           2026-03-05T09:12:15
================================================================================
[2026-03-05T09:13:10.153+0000] {manager.py:878} INFO - 
================================================================================
DAG File Processing Stats

File Path                           PID    Runtime      # DAGs    # Errors  Last Runtime    Last Run
----------------------------------  -----  ---------  --------  ----------  --------------  -------------------
/opt/airflow/dags/sftp_sync_dag.py                           1           0  0.08s           2026-03-05T09:12:45
================================================================================
[2026-03-05T09:13:40.415+0000] {manager.py:878} INFO - 
================================================================================
DAG File Processing Stats

File Path                           PID    Runtime      # DAGs    # Errors  Last Runtime    Last Run
----------------------------------  -----  ---------  --------  ----------  --------------  -------------------
/opt/airflow/dags/sftp_sync_dag.py                           1           0  0.07s           2026-03-05T09:13:16
================================================================================
[2026-03-05T09:14:10.687+0000] {manager.py:878} INFO - 
================================================================================
DAG File Processing Stats

File Path                           PID    Runtime      # DAGs    # Errors  Last Runtime    Last Run
----------------------------------  -----  ---------  --------  ----------  --------------  -------------------
/opt/airflow/dags/sftp_sync_dag.py                           1           0  0.07s           2026-03-05T09:13:46
================================================================================
[2026-03-05T09:14:40.931+0000] {manager.py:878} INFO - 
================================================================================
DAG File Processing Stats

File Path                           PID    Runtime      # DAGs    # Errors  Last Runtime    Last Run
----------------------------------  -----  ---------  --------  ----------  --------------  -------------------
/opt/airflow/dags/sftp_sync_dag.py                           1           0  0.06s           2026-03-05T09:14:16
================================================================================
[2026-03-05T09:15:11.204+0000] {manager.py:878} INFO - 
================================================================================
DAG File Processing Stats

File Path                           PID    Runtime      # DAGs    # Errors  Last Runtime    Last Run
----------------------------------  -----  ---------  --------  ----------  --------------  -------------------
/opt/airflow/dags/sftp_sync_dag.py                           1           0  0.06s           2026-03-05T09:14:47
================================================================================
[2026-03-05T09:15:41.449+0000] {manager.py:878} INFO - 
================================================================================
DAG File Processing Stats

File Path                           PID    Runtime      # DAGs    # Errors  Last Runtime    Last Run
----------------------------------  -----  ---------  --------  ----------  --------------  -------------------
/opt/airflow/dags/sftp_sync_dag.py                           1           0  0.07s           2026-03-05T09:15:17
================================================================================
[2026-03-05T09:16:11.704+0000] {manager.py:737} INFO - Searching for files in /opt/airflow/dags
[2026-03-05T09:16:11.712+0000] {manager.py:740} INFO - There are 1 files in /opt/airflow/dags
[2026-03-05T09:16:11.723+0000] {manager.py:878} INFO - 
================================================================================
DAG File Processing Stats

File Path                           PID    Runtime      # DAGs    # Errors  Last Runtime    Last Run
----------------------------------  -----  ---------  --------  ----------  --------------  -------------------
/opt/airflow/dags/sftp_sync_dag.py                           1           0  0.08s           2026-03-05T09:15:47
================================================================================
[2026-03-05T09:16:42.015+0000] {manager.py:878} INFO - 
================================================================================
DAG File Processing Stats

File Path                           PID    Runtime      # DAGs    # Errors  Last Runtime    Last Run
----------------------------------  -----  ---------  --------  ----------  --------------  -------------------
/opt/airflow/dags/sftp_sync_dag.py                           1           0  0.09s           2026-03-05T09:16:17
================================================================================
[2026-03-05T09:17:12.293+0000] {manager.py:878} INFO - 
================================================================================
DAG File Processing Stats

File Path                           PID    Runtime      # DAGs    # Errors  Last Runtime    Last Run
----------------------------------  -----  ---------  --------  ----------  --------------  -------------------
/opt/airflow/dags/sftp_sync_dag.py                           1           0  0.08s           2026-03-05T09:16:48
================================================================================
[2026-03-05T09:17:42.582+0000] {manager.py:878} INFO - 
================================================================================
DAG File Processing Stats

File Path                           PID    Runtime      # DAGs    # Errors  Last Runtime    Last Run
----------------------------------  -----  ---------  --------  ----------  --------------  -------------------
/opt/airflow/dags/sftp_sync_dag.py                           1           0  0.07s           2026-03-05T09:17:18
================================================================================
[2026-03-05T09:18:12.842+0000] {manager.py:878} INFO - 
================================================================================
DAG File Processing Stats

File Path                           PID    Runtime      # DAGs    # Errors  Last Runtime    Last Run
----------------------------------  -----  ---------  --------  ----------  --------------  -------------------
/opt/airflow/dags/sftp_sync_dag.py                           1           0  0.08s           2026-03-05T09:17:48
================================================================================
[2026-03-05T09:18:43.093+0000] {manager.py:878} INFO - 
================================================================================
DAG File Processing Stats

File Path                           PID    Runtime      # DAGs    # Errors  Last Runtime    Last Run
----------------------------------  -----  ---------  --------  ----------  --------------  -------------------
/opt/airflow/dags/sftp_sync_dag.py                           1           0  0.07s           2026-03-05T09:18:18
================================================================================
[2026-03-05T09:19:13.354+0000] {manager.py:878} INFO - 
================================================================================
DAG File Processing Stats

File Path                           PID    Runtime      # DAGs    # Errors  Last Runtime    Last Run
----------------------------------  -----  ---------  --------  ----------  --------------  -------------------
/opt/airflow/dags/sftp_sync_dag.py                           1           0  0.08s           2026-03-05T09:18:49
================================================================================
[2026-03-05T09:19:43.626+0000] {manager.py:878} INFO - 
================================================================================
DAG File Processing Stats

File Path                           PID    Runtime      # DAGs    # Errors  Last Runtime    Last Run
----------------------------------  -----  ---------  --------  ----------  --------------  -------------------
/opt/airflow/dags/sftp_sync_dag.py                           1           0  0.07s           2026-03-05T09:19:19
================================================================================
[2026-03-05T09:20:13.891+0000] {manager.py:878} INFO - 
================================================================================
DAG File Processing Stats

File Path                           PID    Runtime      # DAGs    # Errors  Last Runtime    Last Run
----------------------------------  -----  ---------  --------  ----------  --------------  -------------------
/opt/airflow/dags/sftp_sync_dag.py                           1           0  0.08s           2026-03-05T09:19:49
================================================================================
[2026-03-05T09:20:44.152+0000] {manager.py:878} INFO - 
================================================================================
DAG File Processing Stats

File Path                           PID    Runtime      # DAGs    # Errors  Last Runtime    Last Run
----------------------------------  -----  ---------  --------  ----------  --------------  -------------------
/opt/airflow/dags/sftp_sync_dag.py                           1           0  0.08s           2026-03-05T09:20:20
================================================================================
[2026-03-05T09:21:12.394+0000] {manager.py:737} INFO - Searching for files in /opt/airflow/dags
[2026-03-05T09:21:12.400+0000] {manager.py:740} INFO - There are 1 files in /opt/airflow/dags
[2026-03-05T09:21:14.422+0000] {manager.py:878} INFO - 
================================================================================
DAG File Processing Stats

File Path                           PID    Runtime      # DAGs    # Errors  Last Runtime    Last Run
----------------------------------  -----  ---------  --------  ----------  --------------  -------------------
/opt/airflow/dags/sftp_sync_dag.py                           1           0  0.07s           2026-03-05T09:20:50
================================================================================
[2026-03-05T09:21:44.677+0000] {manager.py:878} INFO - 
================================================================================
DAG File Processing Stats

File Path                           PID    Runtime      # DAGs    # Errors  Last Runtime    Last Run
----------------------------------  -----  ---------  --------  ----------  --------------  -------------------
/opt/airflow/dags/sftp_sync_dag.py                           1           0  0.07s           2026-03-05T09:21:20
================================================================================
[2026-03-05T09:22:14.929+0000] {manager.py:878} INFO - 
================================================================================
DAG File Processing Stats

File Path                           PID    Runtime      # DAGs    # Errors  Last Runtime    Last Run
----------------------------------  -----  ---------  --------  ----------  --------------  -------------------
/opt/airflow/dags/sftp_sync_dag.py                           1           0  0.07s           2026-03-05T09:21:50
================================================================================
[2026-03-05T09:22:45.162+0000] {manager.py:878} INFO - 
================================================================================
DAG File Processing Stats

File Path                           PID    Runtime      # DAGs    # Errors  Last Runtime    Last Run
----------------------------------  -----  ---------  --------  ----------  --------------  -------------------
/opt/airflow/dags/sftp_sync_dag.py                           1           0  0.07s           2026-03-05T09:22:21
================================================================================
[2026-03-05T09:23:15.394+0000] {manager.py:878} INFO - 
================================================================================
DAG File Processing Stats

File Path                           PID    Runtime      # DAGs    # Errors  Last Runtime    Last Run
----------------------------------  -----  ---------  --------  ----------  --------------  -------------------
/opt/airflow/dags/sftp_sync_dag.py                           1           0  0.08s           2026-03-05T09:22:51
================================================================================
[2026-03-05T09:23:45.641+0000] {manager.py:878} INFO - 
================================================================================
DAG File Processing Stats

File Path                           PID    Runtime      # DAGs    # Errors  Last Runtime    Last Run
----------------------------------  -----  ---------  --------  ----------  --------------  -------------------
/opt/airflow/dags/sftp_sync_dag.py                           1           0  0.07s           2026-03-05T09:23:21
================================================================================
[2026-03-05T09:24:15.869+0000] {manager.py:878} INFO - 
================================================================================
DAG File Processing Stats

File Path                           PID    Runtime      # DAGs    # Errors  Last Runtime    Last Run
----------------------------------  -----  ---------  --------  ----------  --------------  -------------------
/opt/airflow/dags/sftp_sync_dag.py                           1           0  0.07s           2026-03-05T09:23:51
================================================================================
[2026-03-05T09:24:46.105+0000] {manager.py:878} INFO - 
================================================================================
DAG File Processing Stats

File Path                           PID    Runtime      # DAGs    # Errors  Last Runtime    Last Run
----------------------------------  -----  ---------  --------  ----------  --------------  -------------------
/opt/airflow/dags/sftp_sync_dag.py                           1           0  0.07s           2026-03-05T09:24:21
================================================================================
[2026-03-05T09:25:16.339+0000] {manager.py:878} INFO - 
================================================================================
DAG File Processing Stats

File Path                           PID    Runtime      # DAGs    # Errors  Last Runtime    Last Run
----------------------------------  -----  ---------  --------  ----------  --------------  -------------------
/opt/airflow/dags/sftp_sync_dag.py                           1           0  0.07s           2026-03-05T09:24:52
================================================================================
[2026-03-05T09:25:46.600+0000] {manager.py:878} INFO - 
================================================================================
DAG File Processing Stats

File Path                           PID    Runtime      # DAGs    # Errors  Last Runtime    Last Run
----------------------------------  -----  ---------  --------  ----------  --------------  -------------------
/opt/airflow/dags/sftp_sync_dag.py                           1           0  0.07s           2026-03-05T09:25:22
================================================================================
[2026-03-05T09:26:12.795+0000] {manager.py:737} INFO - Searching for files in /opt/airflow/dags
[2026-03-05T09:26:12.802+0000] {manager.py:740} INFO - There are 1 files in /opt/airflow/dags
[2026-03-05T09:26:16.834+0000] {manager.py:878} INFO - 
================================================================================
DAG File Processing Stats

File Path                           PID    Runtime      # DAGs    # Errors  Last Runtime    Last Run
----------------------------------  -----  ---------  --------  ----------  --------------  -------------------
/opt/airflow/dags/sftp_sync_dag.py                           1           0  0.06s           2026-03-05T09:25:52
================================================================================
[2026-03-05T09:26:47.056+0000] {manager.py:878} INFO - 
================================================================================
DAG File Processing Stats

File Path                           PID    Runtime      # DAGs    # Errors  Last Runtime    Last Run
----------------------------------  -----  ---------  --------  ----------  --------------  -------------------
/opt/airflow/dags/sftp_sync_dag.py                           1           0  0.07s           2026-03-05T09:26:22
================================================================================
[2026-03-05T09:27:17.277+0000] {manager.py:878} INFO - 
================================================================================
DAG File Processing Stats

File Path                           PID    Runtime      # DAGs    # Errors  Last Runtime    Last Run
----------------------------------  -----  ---------  --------  ----------  --------------  -------------------
/opt/airflow/dags/sftp_sync_dag.py                           1           0  0.07s           2026-03-05T09:26:53
================================================================================
[2026-03-05T09:27:47.501+0000] {manager.py:878} INFO - 
================================================================================
DAG File Processing Stats

File Path                           PID    Runtime      # DAGs    # Errors  Last Runtime    Last Run
----------------------------------  -----  ---------  --------  ----------  --------------  -------------------
/opt/airflow/dags/sftp_sync_dag.py                           1           0  0.07s           2026-03-05T09:27:23
================================================================================
[2026-03-05T09:28:17.733+0000] {manager.py:878} INFO - 
================================================================================
DAG File Processing Stats

File Path                           PID    Runtime      # DAGs    # Errors  Last Runtime    Last Run
----------------------------------  -----  ---------  --------  ----------  --------------  -------------------
/opt/airflow/dags/sftp_sync_dag.py                           1           0  0.06s           2026-03-05T09:27:53
================================================================================
[2026-03-05T09:28:47.944+0000] {manager.py:878} INFO - 
================================================================================
DAG File Processing Stats

File Path                           PID    Runtime      # DAGs    # Errors  Last Runtime    Last Run
----------------------------------  -----  ---------  --------  ----------  --------------  -------------------
/opt/airflow/dags/sftp_sync_dag.py                           1           0  0.07s           2026-03-05T09:28:23
================================================================================
[2026-03-05T09:29:18.198+0000] {manager.py:878} INFO - 
================================================================================
DAG File Processing Stats

File Path                           PID    Runtime      # DAGs    # Errors  Last Runtime    Last Run
----------------------------------  -----  ---------  --------  ----------  --------------  -------------------
/opt/airflow/dags/sftp_sync_dag.py                           1           0  0.07s           2026-03-05T09:28:54
================================================================================
[2026-03-05T09:29:48.434+0000] {manager.py:878} INFO - 
================================================================================
DAG File Processing Stats

File Path                           PID    Runtime      # DAGs    # Errors  Last Runtime    Last Run
----------------------------------  -----  ---------  --------  ----------  --------------  -------------------
/opt/airflow/dags/sftp_sync_dag.py                           1           0  0.08s           2026-03-05T09:29:24
================================================================================
[2026-03-05T09:30:18.695+0000] {manager.py:878} INFO - 
================================================================================
DAG File Processing Stats

File Path                           PID    Runtime      # DAGs    # Errors  Last Runtime    Last Run
----------------------------------  -----  ---------  --------  ----------  --------------  -------------------
/opt/airflow/dags/sftp_sync_dag.py                           1           0  0.09s           2026-03-05T09:29:54
================================================================================
[2026-03-05T09:30:48.917+0000] {manager.py:878} INFO - 
================================================================================
DAG File Processing Stats

File Path                           PID    Runtime      # DAGs    # Errors  Last Runtime    Last Run
----------------------------------  -----  ---------  --------  ----------  --------------  -------------------
/opt/airflow/dags/sftp_sync_dag.py                           1           0  0.07s           2026-03-05T09:30:24
================================================================================
[2026-03-05T09:31:13.075+0000] {manager.py:737} INFO - Searching for files in /opt/airflow/dags
[2026-03-05T09:31:13.079+0000] {manager.py:740} INFO - There are 1 files in /opt/airflow/dags
[2026-03-05T09:31:19.133+0000] {manager.py:878} INFO - 
================================================================================
DAG File Processing Stats

File Path                           PID    Runtime      # DAGs    # Errors  Last Runtime    Last Run
----------------------------------  -----  ---------  --------  ----------  --------------  -------------------
/opt/airflow/dags/sftp_sync_dag.py                           1           0  0.07s           2026-03-05T09:30:55
================================================================================
[2026-03-05T09:31:49.404+0000] {manager.py:878} INFO - 
================================================================================
DAG File Processing Stats

File Path                           PID    Runtime      # DAGs    # Errors  Last Runtime    Last Run
----------------------------------  -----  ---------  --------  ----------  --------------  -------------------
/opt/airflow/dags/sftp_sync_dag.py                           1           0  0.06s           2026-03-05T09:31:25
================================================================================
[2026-03-05T09:32:19.681+0000] {manager.py:878} INFO - 
================================================================================
DAG File Processing Stats

File Path                           PID    Runtime      # DAGs    # Errors  Last Runtime    Last Run
----------------------------------  -----  ---------  --------  ----------  --------------  -------------------
/opt/airflow/dags/sftp_sync_dag.py                           1           0  0.09s           2026-03-05T09:31:55
================================================================================
[2026-03-05T09:32:49.914+0000] {manager.py:878} INFO - 
================================================================================
DAG File Processing Stats

File Path                           PID    Runtime      # DAGs    # Errors  Last Runtime    Last Run
----------------------------------  -----  ---------  --------  ----------  --------------  -------------------
/opt/airflow/dags/sftp_sync_dag.py                           1           0  0.08s           2026-03-05T09:32:25
================================================================================
[2026-03-05T09:33:20.156+0000] {manager.py:878} INFO - 
================================================================================
DAG File Processing Stats

File Path                           PID    Runtime      # DAGs    # Errors  Last Runtime    Last Run
----------------------------------  -----  ---------  --------  ----------  --------------  -------------------
/opt/airflow/dags/sftp_sync_dag.py                           1           0  0.07s           2026-03-05T09:32:56
================================================================================
[2026-03-05T09:33:50.431+0000] {manager.py:878} INFO - 
================================================================================
DAG File Processing Stats

File Path                           PID    Runtime      # DAGs    # Errors  Last Runtime    Last Run
----------------------------------  -----  ---------  --------  ----------  --------------  -------------------
/opt/airflow/dags/sftp_sync_dag.py                           1           0  0.07s           2026-03-05T09:33:26
================================================================================
[2026-03-05T09:34:20.705+0000] {manager.py:878} INFO - 
================================================================================
DAG File Processing Stats

File Path                           PID    Runtime      # DAGs    # Errors  Last Runtime    Last Run
----------------------------------  -----  ---------  --------  ----------  --------------  -------------------
/opt/airflow/dags/sftp_sync_dag.py                           1           0  0.08s           2026-03-05T09:33:56
================================================================================
[2026-03-05T09:34:50.984+0000] {manager.py:878} INFO - 
================================================================================
DAG File Processing Stats

File Path                           PID    Runtime      # DAGs    # Errors  Last Runtime    Last Run
----------------------------------  -----  ---------  --------  ----------  --------------  -------------------
/opt/airflow/dags/sftp_sync_dag.py                           1           0  0.08s           2026-03-05T09:34:26
================================================================================
[2026-03-05T09:35:21.262+0000] {manager.py:878} INFO - 
================================================================================
DAG File Processing Stats

File Path                           PID    Runtime      # DAGs    # Errors  Last Runtime    Last Run
----------------------------------  -----  ---------  --------  ----------  --------------  -------------------
/opt/airflow/dags/sftp_sync_dag.py                           1           0  0.07s           2026-03-05T09:34:57
================================================================================
[2026-03-05T09:35:51.527+0000] {manager.py:878} INFO - 
================================================================================
DAG File Processing Stats

File Path                           PID    Runtime      # DAGs    # Errors  Last Runtime    Last Run
----------------------------------  -----  ---------  --------  ----------  --------------  -------------------
/opt/airflow/dags/sftp_sync_dag.py                           1           0  0.09s           2026-03-05T09:35:27
================================================================================
[2026-03-05T09:36:13.734+0000] {manager.py:737} INFO - Searching for files in /opt/airflow/dags
[2026-03-05T09:36:13.741+0000] {manager.py:740} INFO - There are 1 files in /opt/airflow/dags
[2026-03-05T09:36:21.811+0000] {manager.py:878} INFO - 
================================================================================
DAG File Processing Stats

File Path                           PID    Runtime      # DAGs    # Errors  Last Runtime    Last Run
----------------------------------  -----  ---------  --------  ----------  --------------  -------------------
/opt/airflow/dags/sftp_sync_dag.py                           1           0  0.11s           2026-03-05T09:35:57
================================================================================
[2026-03-05T09:36:52.046+0000] {manager.py:878} INFO - 
================================================================================
DAG File Processing Stats

File Path                           PID    Runtime      # DAGs    # Errors  Last Runtime    Last Run
----------------------------------  -----  ---------  --------  ----------  --------------  -------------------
/opt/airflow/dags/sftp_sync_dag.py                           1           0  0.09s           2026-03-05T09:36:27
================================================================================
[2026-03-05T09:37:22.318+0000] {manager.py:878} INFO - 
================================================================================
DAG File Processing Stats

File Path                           PID    Runtime      # DAGs    # Errors  Last Runtime    Last Run
----------------------------------  -----  ---------  --------  ----------  --------------  -------------------
/opt/airflow/dags/sftp_sync_dag.py                           1           0  0.07s           2026-03-05T09:36:58
================================================================================
[2026-03-05T09:37:52.708+0000] {manager.py:878} INFO - 
================================================================================
DAG File Processing Stats

File Path                           PID    Runtime      # DAGs    # Errors  Last Runtime    Last Run
----------------------------------  -----  ---------  --------  ----------  --------------  -------------------
/opt/airflow/dags/sftp_sync_dag.py                           1           0  0.07s           2026-03-05T09:37:28
================================================================================
[2026-03-05T09:41:09.087+0000] {manager.py:878} INFO - 
================================================================================
DAG File Processing Stats

File Path                           PID    Runtime      # DAGs    # Errors  Last Runtime    Last Run
----------------------------------  -----  ---------  --------  ----------  --------------  -------------------
/opt/airflow/dags/sftp_sync_dag.py                           1           0  0.07s           2026-03-05T09:40:56
================================================================================
[2026-03-05T09:41:14.127+0000] {manager.py:737} INFO - Searching for files in /opt/airflow/dags
[2026-03-05T09:41:14.133+0000] {manager.py:740} INFO - There are 1 files in /opt/airflow/dags
[2026-03-05T09:41:39.356+0000] {manager.py:878} INFO - 
================================================================================
DAG File Processing Stats

File Path                           PID    Runtime      # DAGs    # Errors  Last Runtime    Last Run
----------------------------------  -----  ---------  --------  ----------  --------------  -------------------
/opt/airflow/dags/sftp_sync_dag.py                           1           0  0.07s           2026-03-05T09:41:26
================================================================================
[2026-03-05T09:42:09.555+0000] {manager.py:878} INFO - 
================================================================================
DAG File Processing Stats

File Path                           PID    Runtime      # DAGs    # Errors  Last Runtime    Last Run
----------------------------------  -----  ---------  --------  ----------  --------------  -------------------
/opt/airflow/dags/sftp_sync_dag.py                           1           0  0.06s           2026-03-05T09:41:56
================================================================================
[2026-03-05T09:42:39.788+0000] {manager.py:878} INFO - 
================================================================================
DAG File Processing Stats

File Path                           PID    Runtime      # DAGs    # Errors  Last Runtime    Last Run
----------------------------------  -----  ---------  --------  ----------  --------------  -------------------
/opt/airflow/dags/sftp_sync_dag.py                           1           0  0.05s           2026-03-05T09:42:26
================================================================================
[2026-03-05T09:43:10.007+0000] {manager.py:878} INFO - 
================================================================================
DAG File Processing Stats

File Path                           PID    Runtime      # DAGs    # Errors  Last Runtime    Last Run
----------------------------------  -----  ---------  --------  ----------  --------------  -------------------
/opt/airflow/dags/sftp_sync_dag.py                           1           0  0.07s           2026-03-05T09:42:56
================================================================================
[2026-03-05T09:43:40.215+0000] {manager.py:878} INFO - 
================================================================================
DAG File Processing Stats

File Path                           PID    Runtime      # DAGs    # Errors  Last Runtime    Last Run
----------------------------------  -----  ---------  --------  ----------  --------------  -------------------
/opt/airflow/dags/sftp_sync_dag.py                           1           0  0.08s           2026-03-05T09:43:27
================================================================================
[2026-03-05T09:44:10.468+0000] {manager.py:878} INFO - 
================================================================================
DAG File Processing Stats

File Path                           PID    Runtime      # DAGs    # Errors  Last Runtime    Last Run
----------------------------------  -----  ---------  --------  ----------  --------------  -------------------
/opt/airflow/dags/sftp_sync_dag.py                           1           0  0.08s           2026-03-05T09:43:57
================================================================================
[2026-03-05T09:44:40.702+0000] {manager.py:878} INFO - 
================================================================================
DAG File Processing Stats

File Path                           PID    Runtime      # DAGs    # Errors  Last Runtime    Last Run
----------------------------------  -----  ---------  --------  ----------  --------------  -------------------
/opt/airflow/dags/sftp_sync_dag.py                           1           0  0.10s           2026-03-05T09:44:27
================================================================================
[2026-03-05T09:45:10.959+0000] {manager.py:878} INFO - 
================================================================================
DAG File Processing Stats

File Path                           PID    Runtime      # DAGs    # Errors  Last Runtime    Last Run
----------------------------------  -----  ---------  --------  ----------  --------------  -------------------
/opt/airflow/dags/sftp_sync_dag.py                           1           0  0.10s           2026-03-05T09:44:57
================================================================================
[2026-03-05T09:45:41.195+0000] {manager.py:878} INFO - 
================================================================================
DAG File Processing Stats

File Path                           PID    Runtime      # DAGs    # Errors  Last Runtime    Last Run
----------------------------------  -----  ---------  --------  ----------  --------------  -------------------
/opt/airflow/dags/sftp_sync_dag.py                           1           0  0.08s           2026-03-05T09:45:28
================================================================================
[2026-03-05T09:46:11.430+0000] {manager.py:878} INFO - 
================================================================================
DAG File Processing Stats

File Path                           PID    Runtime      # DAGs    # Errors  Last Runtime    Last Run
----------------------------------  -----  ---------  --------  ----------  --------------  -------------------
/opt/airflow/dags/sftp_sync_dag.py                           1           0  0.07s           2026-03-05T09:45:58
================================================================================
[2026-03-05T09:46:14.452+0000] {manager.py:737} INFO - Searching for files in /opt/airflow/dags
[2026-03-05T09:46:14.455+0000] {manager.py:740} INFO - There are 1 files in /opt/airflow/dags
[2026-03-05T09:46:41.665+0000] {manager.py:878} INFO - 
================================================================================
DAG File Processing Stats

File Path                           PID    Runtime      # DAGs    # Errors  Last Runtime    Last Run
----------------------------------  -----  ---------  --------  ----------  --------------  -------------------
/opt/airflow/dags/sftp_sync_dag.py                           1           0  0.07s           2026-03-05T09:46:28
================================================================================
[2026-03-05T09:47:11.894+0000] {manager.py:878} INFO - 
================================================================================
DAG File Processing Stats

File Path                           PID    Runtime      # DAGs    # Errors  Last Runtime    Last Run
----------------------------------  -----  ---------  --------  ----------  --------------  -------------------
/opt/airflow/dags/sftp_sync_dag.py                           1           0  0.08s           2026-03-05T09:46:58
================================================================================
[2026-03-05T09:47:42.149+0000] {manager.py:878} INFO - 
================================================================================
DAG File Processing Stats

File Path                           PID    Runtime      # DAGs    # Errors  Last Runtime    Last Run
----------------------------------  -----  ---------  --------  ----------  --------------  -------------------
/opt/airflow/dags/sftp_sync_dag.py                           1           0  0.10s           2026-03-05T09:47:29
================================================================================
[2026-03-05T09:48:12.439+0000] {manager.py:878} INFO - 
================================================================================
DAG File Processing Stats

File Path                           PID    Runtime      # DAGs    # Errors  Last Runtime    Last Run
----------------------------------  -----  ---------  --------  ----------  --------------  -------------------
/opt/airflow/dags/sftp_sync_dag.py                           1           0  0.09s           2026-03-05T09:47:59
================================================================================
[2026-03-05T09:48:42.667+0000] {manager.py:878} INFO - 
================================================================================
DAG File Processing Stats

File Path                           PID    Runtime      # DAGs    # Errors  Last Runtime    Last Run
----------------------------------  -----  ---------  --------  ----------  --------------  -------------------
/opt/airflow/dags/sftp_sync_dag.py                           1           0  0.06s           2026-03-05T09:48:29
================================================================================
[2026-03-05T09:49:12.967+0000] {manager.py:878} INFO - 
================================================================================
DAG File Processing Stats

File Path                           PID    Runtime      # DAGs    # Errors  Last Runtime    Last Run
----------------------------------  -----  ---------  --------  ----------  --------------  -------------------
/opt/airflow/dags/sftp_sync_dag.py                           1           0  0.07s           2026-03-05T09:48:59
================================================================================
[2026-03-05T09:53:18.807+0000] {manager.py:737} INFO - Searching for files in /opt/airflow/dags
[2026-03-05T09:53:18.811+0000] {manager.py:740} INFO - There are 1 files in /opt/airflow/dags
[2026-03-05T09:53:35.959+0000] {manager.py:878} INFO - 
================================================================================
DAG File Processing Stats

File Path                           PID    Runtime      # DAGs    # Errors  Last Runtime    Last Run
----------------------------------  -----  ---------  --------  ----------  --------------  -------------------
/opt/airflow/dags/sftp_sync_dag.py                           1           0  0.11s           2026-03-05T09:53:18
================================================================================
[2026-03-05T09:54:06.274+0000] {manager.py:878} INFO - 
================================================================================
DAG File Processing Stats

File Path                           PID    Runtime      # DAGs    # Errors  Last Runtime    Last Run
----------------------------------  -----  ---------  --------  ----------  --------------  -------------------
/opt/airflow/dags/sftp_sync_dag.py                           1           0  0.10s           2026-03-05T09:53:49
================================================================================
[2026-03-05T09:54:36.528+0000] {manager.py:878} INFO - 
================================================================================
DAG File Processing Stats

File Path                           PID    Runtime      # DAGs    # Errors  Last Runtime    Last Run
----------------------------------  -----  ---------  --------  ----------  --------------  -------------------
/opt/airflow/dags/sftp_sync_dag.py                           1           0  0.08s           2026-03-05T09:54:19
================================================================================
[2026-03-05T09:55:06.789+0000] {manager.py:878} INFO - 
================================================================================
DAG File Processing Stats

File Path                           PID    Runtime      # DAGs    # Errors  Last Runtime    Last Run
----------------------------------  -----  ---------  --------  ----------  --------------  -------------------
/opt/airflow/dags/sftp_sync_dag.py                           1           0  0.11s           2026-03-05T09:54:49
================================================================================
[2026-03-05T09:55:37.080+0000] {manager.py:878} INFO - 
================================================================================
DAG File Processing Stats

File Path                           PID    Runtime      # DAGs    # Errors  Last Runtime    Last Run
----------------------------------  -----  ---------  --------  ----------  --------------  -------------------
/opt/airflow/dags/sftp_sync_dag.py                           1           0  0.09s           2026-03-05T09:55:19
================================================================================
[2026-03-05T09:56:07.354+0000] {manager.py:878} INFO - 
================================================================================
DAG File Processing Stats

File Path                           PID    Runtime      # DAGs    # Errors  Last Runtime    Last Run
----------------------------------  -----  ---------  --------  ----------  --------------  -------------------
/opt/airflow/dags/sftp_sync_dag.py                           1           0  0.08s           2026-03-05T09:55:50
================================================================================
[2026-03-05T09:56:37.611+0000] {manager.py:878} INFO - 
================================================================================
DAG File Processing Stats

File Path                           PID    Runtime      # DAGs    # Errors  Last Runtime    Last Run
----------------------------------  -----  ---------  --------  ----------  --------------  -------------------
/opt/airflow/dags/sftp_sync_dag.py                           1           0  0.07s           2026-03-05T09:56:20
================================================================================
[2026-03-05T09:57:07.901+0000] {manager.py:878} INFO - 
================================================================================
DAG File Processing Stats

File Path                           PID    Runtime      # DAGs    # Errors  Last Runtime    Last Run
----------------------------------  -----  ---------  --------  ----------  --------------  -------------------
/opt/airflow/dags/sftp_sync_dag.py                           1           0  0.08s           2026-03-05T09:56:50
================================================================================
[2026-03-05T09:57:38.170+0000] {manager.py:878} INFO - 
================================================================================
DAG File Processing Stats

File Path                           PID    Runtime      # DAGs    # Errors  Last Runtime    Last Run
----------------------------------  -----  ---------  --------  ----------  --------------  -------------------
/opt/airflow/dags/sftp_sync_dag.py                           1           0  0.10s           2026-03-05T09:57:21
================================================================================
[2026-03-05T09:58:08.484+0000] {manager.py:878} INFO - 
================================================================================
DAG File Processing Stats

File Path                           PID    Runtime      # DAGs    # Errors  Last Runtime    Last Run
----------------------------------  -----  ---------  --------  ----------  --------------  -------------------
/opt/airflow/dags/sftp_sync_dag.py                           1           0  0.10s           2026-03-05T09:57:51
================================================================================
[2026-03-05T09:58:19.577+0000] {manager.py:737} INFO - Searching for files in /opt/airflow/dags
[2026-03-05T09:58:19.583+0000] {manager.py:740} INFO - There are 1 files in /opt/airflow/dags
[2026-03-05T09:58:38.803+0000] {manager.py:878} INFO - 
================================================================================
DAG File Processing Stats

File Path                           PID    Runtime      # DAGs    # Errors  Last Runtime    Last Run
----------------------------------  -----  ---------  --------  ----------  --------------  -------------------
/opt/airflow/dags/sftp_sync_dag.py                           1           0  0.08s           2026-03-05T09:58:21
================================================================================
[2026-03-05T09:59:09.096+0000] {manager.py:878} INFO - 
================================================================================
DAG File Processing Stats

File Path                           PID    Runtime      # DAGs    # Errors  Last Runtime    Last Run
----------------------------------  -----  ---------  --------  ----------  --------------  -------------------
/opt/airflow/dags/sftp_sync_dag.py                           1           0  0.07s           2026-03-05T09:58:51
================================================================================
[2026-03-05T09:59:39.488+0000] {manager.py:878} INFO - 
================================================================================
DAG File Processing Stats

File Path                           PID    Runtime      # DAGs    # Errors  Last Runtime    Last Run
----------------------------------  -----  ---------  --------  ----------  --------------  -------------------
/opt/airflow/dags/sftp_sync_dag.py                           1           0  0.07s           2026-03-05T09:59:22
================================================================================
[2026-03-05T10:02:58.463+0000] {manager.py:878} INFO - 
================================================================================
DAG File Processing Stats

File Path                           PID    Runtime      # DAGs    # Errors  Last Runtime    Last Run
----------------------------------  -----  ---------  --------  ----------  --------------  -------------------
/opt/airflow/dags/sftp_sync_dag.py                           1           0  0.10s           2026-03-05T10:02:38
================================================================================
[2026-03-05T10:03:19.652+0000] {manager.py:737} INFO - Searching for files in /opt/airflow/dags
[2026-03-05T10:03:19.658+0000] {manager.py:740} INFO - There are 1 files in /opt/airflow/dags
[2026-03-05T10:03:28.736+0000] {manager.py:878} INFO - 
================================================================================
DAG File Processing Stats

File Path                           PID    Runtime      # DAGs    # Errors  Last Runtime    Last Run
----------------------------------  -----  ---------  --------  ----------  --------------  -------------------
/opt/airflow/dags/sftp_sync_dag.py                           1           0  0.08s           2026-03-05T10:03:08
================================================================================
[2026-03-05T10:03:28.903+0000] {manager.py:452} INFO - Exiting gracefully upon receiving signal 15
