{"timestamp":"2026-03-05T10:47:21.122829Z","level":"info","event":"DAG bundles loaded: dags-folder, example_dags","logger":"airflow.dag_processing.bundles.manager.DagBundlesManager","filename":"manager.py","lineno":179}
{"timestamp":"2026-03-05T10:47:21.123341Z","level":"info","event":"Filling up the DagBag from /opt/airflow/dags/sftp_sync_dag.py","logger":"airflow.models.dagbag.BundleDagBag","filename":"dagbag.py","lineno":593}
{"timestamp":"2026-03-05T10:47:21.198953Z","level":"info","event":"Task instance is in running state","logger":"task.stdout"}
{"timestamp":"2026-03-05T10:47:21.199083Z","level":"info","event":" Previous state of the Task instance: TaskInstanceState.QUEUED","logger":"task.stdout"}
{"timestamp":"2026-03-05T10:47:21.200382Z","level":"info","event":"Current task name:sync_sftp_directories","logger":"task.stdout"}
{"timestamp":"2026-03-05T10:47:21.200483Z","level":"info","event":"Dag name:sftp_to_sftp_sync","logger":"task.stdout"}
{"timestamp":"2026-03-05T10:47:21.198965Z","level":"info","event":"Starting transfer from sftp_source_conn to sftp_target_conn","logger":"src.operators.extensible_transfer","filename":"extensible_transfer.py","lineno":68}
{"timestamp":"2026-03-05T10:47:21.208475Z","level":"info","event":"Connecting to SFTP server sftp-source:22 as sourceuser","logger":"src.storage.sftp","filename":"sftp.py","lineno":35}
{"timestamp":"2026-03-05T10:47:21.247363Z","level":"info","event":"Connected (version 2.0, client OpenSSH_8.4p1)","logger":"paramiko.transport","filename":"transport.py","lineno":1944}
{"timestamp":"2026-03-05T10:47:21.337798Z","level":"info","event":"Authentication (password) successful!","logger":"paramiko.transport","filename":"transport.py","lineno":1944}
{"timestamp":"2026-03-05T10:47:21.665117Z","level":"info","event":"[chan 0] Opened sftp connection (server version 3)","logger":"paramiko.transport.sftp","filename":"sftp.py","lineno":169}
{"timestamp":"2026-03-05T10:47:21.665197Z","level":"info","event":"Successfully connected to sftp-source","logger":"src.storage.sftp","filename":"sftp.py","lineno":47}
{"timestamp":"2026-03-05T10:47:21.669252Z","level":"info","event":"Connecting to SFTP server sftp-target:22 as targetuser","logger":"src.storage.sftp","filename":"sftp.py","lineno":35}
{"timestamp":"2026-03-05T10:47:21.700743Z","level":"info","event":"Connected (version 2.0, client OpenSSH_8.4p1)","logger":"paramiko.transport","filename":"transport.py","lineno":1944}
{"timestamp":"2026-03-05T10:47:21.782202Z","level":"info","event":"Authentication (password) successful!","logger":"paramiko.transport","filename":"transport.py","lineno":1944}
{"timestamp":"2026-03-05T10:47:22.100604Z","level":"info","event":"[chan 0] Opened sftp connection (server version 3)","logger":"paramiko.transport.sftp","filename":"sftp.py","lineno":169}
{"timestamp":"2026-03-05T10:47:22.100669Z","level":"info","event":"Successfully connected to sftp-target","logger":"src.storage.sftp","filename":"sftp.py","lineno":47}
{"timestamp":"2026-03-05T10:47:22.100693Z","level":"info","event":"Listing files in source prefix: /upload","logger":"src.operators.extensible_transfer","filename":"extensible_transfer.py","lineno":77}
{"timestamp":"2026-03-05T10:47:22.105368Z","level":"info","event":"Found 3 files in source.","logger":"src.operators.extensible_transfer","filename":"extensible_transfer.py","lineno":79}
{"timestamp":"2026-03-05T10:47:22.105811Z","level":"info","event":"Transferring upload/test_01.txt -> upload/test_01.txt","logger":"src.operators.extensible_transfer","filename":"extensible_transfer.py","lineno":119}
{"timestamp":"2026-03-05T10:47:22.107196Z","level":"info","event":"Writing stream to /upload/test_01.txt","logger":"src.storage.sftp","filename":"sftp.py","lineno":136}
{"timestamp":"2026-03-05T10:47:22.110244Z","level":"info","event":"Finished writing to /upload/test_01.txt","logger":"src.storage.sftp","filename":"sftp.py","lineno":144}
{"timestamp":"2026-03-05T10:47:22.110504Z","level":"info","event":"Successfully transferred. Deleting source file: upload/test_01.txt","logger":"src.operators.extensible_transfer","filename":"extensible_transfer.py","lineno":130}
{"timestamp":"2026-03-05T10:47:22.110537Z","level":"info","event":"Deleting file /upload/test_01.txt from source","logger":"src.storage.sftp","filename":"sftp.py","lineno":105}
{"timestamp":"2026-03-05T10:47:22.111161Z","level":"error","event":"Error transferring upload/test_01.txt: [Errno 2] No such file","logger":"src.operators.extensible_transfer","filename":"extensible_transfer.py","lineno":135}
{"timestamp":"2026-03-05T10:47:22.111212Z","level":"info","event":"[chan 0] sftp session closed.","logger":"paramiko.transport.sftp","filename":"sftp.py","lineno":169}
{"timestamp":"2026-03-05T10:47:22.111335Z","level":"info","event":"Disconnected from sftp-target","logger":"src.storage.sftp","filename":"sftp.py","lineno":57}
{"timestamp":"2026-03-05T10:47:22.111370Z","level":"info","event":"[chan 0] sftp session closed.","logger":"paramiko.transport.sftp","filename":"sftp.py","lineno":169}
{"timestamp":"2026-03-05T10:47:22.111441Z","level":"info","event":"Disconnected from sftp-source","logger":"src.storage.sftp","filename":"sftp.py","lineno":57}
{"timestamp":"2026-03-05T10:47:22.111530Z","level":"error","event":"Task failed with exception","logger":"task","filename":"task_runner.py","lineno":1142,"error_detail":[{"exc_type":"FileNotFoundError","exc_value":"[Errno 2] No such file","exc_notes":[],"syntax_error":null,"is_cause":false,"frames":[{"filename":"/home/airflow/.local/lib/python3.12/site-packages/airflow/sdk/execution_time/task_runner.py","lineno":1068,"name":"run"},{"filename":"/home/airflow/.local/lib/python3.12/site-packages/airflow/sdk/execution_time/task_runner.py","lineno":1477,"name":"_execute_task"},{"filename":"/home/airflow/.local/lib/python3.12/site-packages/airflow/sdk/bases/operator.py","lineno":417,"name":"wrapper"},{"filename":"/opt/airflow/src/operators/extensible_transfer.py","lineno":131,"name":"execute"},{"filename":"/opt/airflow/src/storage/sftp.py","lineno":106,"name":"delete_file"},{"filename":"/home/airflow/.local/lib/python3.12/site-packages/paramiko/sftp_client.py","lineno":398,"name":"remove"},{"filename":"/home/airflow/.local/lib/python3.12/site-packages/paramiko/sftp_client.py","lineno":857,"name":"_request"},{"filename":"/home/airflow/.local/lib/python3.12/site-packages/paramiko/sftp_client.py","lineno":909,"name":"_read_response"},{"filename":"/home/airflow/.local/lib/python3.12/site-packages/paramiko/sftp_client.py","lineno":938,"name":"_convert_status"}],"is_group":false,"exceptions":[]}]}
{"timestamp":"2026-03-05T10:47:22.124719Z","level":"info","event":"Task instance in failure state","logger":"task.stdout"}
{"timestamp":"2026-03-05T10:47:22.124866Z","level":"info","event":"Task start","logger":"task.stdout"}
{"timestamp":"2026-03-05T10:47:22.124971Z","level":"info","event":"Task:<Task(ExtensibleTransferOperator): sync_sftp_directories>","logger":"task.stdout"}
{"timestamp":"2026-03-05T10:47:22.125046Z","level":"info","event":"Failure caused by [Errno 2] No such file","logger":"task.stdout"}
